{
  "RSpec": {
    "coverage": {
      "/Users/matt/Turing/3module/projects/apicurious_github/app/models/user.rb": [
        1,
        null,
        1,
        3,
        3,
        3,
        3,
        3,
        3,
        3,
        3,
        null,
        null,
        null,
        1,
        0,
        0,
        0,
        0,
        0,
        0,
        null,
        0,
        null,
        null
      ],
      "/Users/matt/Turing/3module/projects/apicurious_github/app/models/application_record.rb": [
        1,
        1,
        null
      ],
      "/Users/matt/Turing/3module/projects/apicurious_github/app/controllers/home_controller.rb": [
        1,
        1,
        null,
        null,
        null
      ],
      "/Users/matt/Turing/3module/projects/apicurious_github/app/controllers/application_controller.rb": [
        1,
        1,
        null,
        1,
        null,
        1,
        14,
        null,
        null
      ],
      "/Users/matt/Turing/3module/projects/apicurious_github/app/controllers/sessions_controller.rb": [
        1,
        1,
        2,
        2,
        null,
        2,
        null,
        null,
        1,
        1,
        1,
        null,
        null
      ],
      "/Users/matt/Turing/3module/projects/apicurious_github/app/services/git_hub_service.rb": [
        1,
        1,
        null,
        1,
        1,
        null,
        null,
        1,
        1,
        1,
        null,
        null,
        1,
        1,
        1,
        1,
        1,
        null,
        null,
        null
      ],
      "/Users/matt/Turing/3module/projects/apicurious_github/app/channels/application_cable/channel.rb": [
        0,
        0,
        0,
        0
      ],
      "/Users/matt/Turing/3module/projects/apicurious_github/app/channels/application_cable/connection.rb": [
        0,
        0,
        0,
        0
      ],
      "/Users/matt/Turing/3module/projects/apicurious_github/app/helpers/application_helper.rb": [
        0,
        0
      ],
      "/Users/matt/Turing/3module/projects/apicurious_github/app/jobs/application_job.rb": [
        0,
        0
      ],
      "/Users/matt/Turing/3module/projects/apicurious_github/app/mailers/application_mailer.rb": [
        0,
        0,
        0,
        0
      ]
    },
    "timestamp": 1476295613
  }
}
